<?xml version="1.0" encoding="UTF-8"?>
<testng-results skipped="0" failed="0" total="1" passed="1">
  <reporter-output>
  </reporter-output>
  <suite name="Default suite" duration-ms="80428" started-at="2018-01-30T17:20:44Z" finished-at="2018-01-30T17:22:04Z">
    <groups>
    </groups>
    <test name="Default test" duration-ms="80428" started-at="2018-01-30T17:20:44Z" finished-at="2018-01-30T17:22:04Z">
      <class name="com.info.TestScripts.TC_001">
        <test-method status="PASS" signature="Reportsetup()[pri:0, instance:com.info.TestScripts.TC_001@322d26]" name="Reportsetup" is-config="true" duration-ms="1091" started-at="2018-01-30T22:50:43Z" finished-at="2018-01-30T22:50:44Z">
          <reporter-output>
          </reporter-output>
        </test-method> <!-- Reportsetup -->
        <test-method status="PASS" signature="setUp()[pri:0, instance:com.info.TestScripts.TC_001@322d26]" name="setUp" is-config="true" duration-ms="26911" started-at="2018-01-30T22:50:44Z" finished-at="2018-01-30T22:51:11Z">
          <reporter-output>
          </reporter-output>
        </test-method> <!-- setUp -->
        <test-method status="PASS" signature="beforeMethod(org.testng.ITestResult)[pri:0, instance:com.info.TestScripts.TC_001@322d26]" name="beforeMethod" is-config="true" duration-ms="24" started-at="2018-01-30T22:51:18Z" finished-at="2018-01-30T22:51:18Z">
          <params>
            <param index="0">
              <value>
                <![CDATA[[TestResult name=Enquiry_form status=SUCCESS method=TC_001.Enquiry_form(java.lang.String, java.lang.String, java.lang.String, java.lang.String, java.lang.String)[pri:0, instance:com.info.TestScripts.TC_001@322d26] output={null}]]]>
              </value>
            </param>
          </params>
          <reporter-output>
          </reporter-output>
        </test-method> <!-- beforeMethod -->
        <test-method status="PASS" signature="Enquiry_form(java.lang.String, java.lang.String, java.lang.String, java.lang.String, java.lang.String)[pri:0, instance:com.info.TestScripts.TC_001@322d26]" name="Enquiry_form" duration-ms="38545" started-at="2018-01-30T22:51:18Z" data-provider="testData" finished-at="2018-01-30T22:51:56Z">
          <params>
            <param index="0">
              <value>
                <![CDATA[Pravin]]>
              </value>
            </param>
            <param index="1">
              <value>
                <![CDATA[pravin@gmail.com]]>
              </value>
            </param>
            <param index="2">
              <value>
                <![CDATA[Looking for 2 BHK at Aundh]]>
              </value>
            </param>
            <param index="3">
              <value>
                <![CDATA[9898526987]]>
              </value>
            </param>
            <param index="4">
              <value>
                <![CDATA[Y]]>
              </value>
            </param>
          </params>
          <reporter-output>
          </reporter-output>
        </test-method> <!-- Enquiry_form -->
        <test-method status="PASS" signature="afterMethod(org.testng.ITestResult)[pri:0, instance:com.info.TestScripts.TC_001@322d26]" name="afterMethod" is-config="true" duration-ms="6893" started-at="2018-01-30T22:51:56Z" finished-at="2018-01-30T22:52:03Z">
          <params>
            <param index="0">
              <value>
                <![CDATA[[TestResult name=Enquiry_form status=SUCCESS method=TC_001.Enquiry_form(java.lang.String, java.lang.String, java.lang.String, java.lang.String, java.lang.String)[pri:0, instance:com.info.TestScripts.TC_001@322d26] output={null}]]]>
              </value>
            </param>
          </params>
          <reporter-output>
          </reporter-output>
        </test-method> <!-- afterMethod -->
        <test-method status="PASS" signature="endTest()[pri:0, instance:com.info.TestScripts.TC_001@322d26]" name="endTest" is-config="true" duration-ms="1128" started-at="2018-01-30T22:52:03Z" finished-at="2018-01-30T22:52:04Z">
          <reporter-output>
          </reporter-output>
        </test-method> <!-- endTest -->
      </class> <!-- com.info.TestScripts.TC_001 -->
    </test> <!-- Default test -->
  </suite> <!-- Default suite -->
</testng-results>
