<?xml version="1.0" encoding="UTF-8"?>
<testng-results skipped="0" failed="0" total="1" passed="1">
  <reporter-output>
  </reporter-output>
  <suite name="Default suite" duration-ms="150920" started-at="2018-01-29T17:25:25Z" finished-at="2018-01-29T17:27:56Z">
    <groups>
    </groups>
    <test name="Default test" duration-ms="150920" started-at="2018-01-29T17:25:25Z" finished-at="2018-01-29T17:27:56Z">
      <class name="com.info.TestScripts.TC_001">
        <test-method status="PASS" signature="Reportsetup()[pri:0, instance:com.info.TestScripts.TC_001@bbfa04]" name="Reportsetup" is-config="true" duration-ms="1501" started-at="2018-01-29T22:55:23Z" finished-at="2018-01-29T22:55:25Z">
          <reporter-output>
          </reporter-output>
        </test-method> <!-- Reportsetup -->
        <test-method status="PASS" signature="setUp()[pri:0, instance:com.info.TestScripts.TC_001@bbfa04]" name="setUp" is-config="true" duration-ms="28198" started-at="2018-01-29T22:55:25Z" finished-at="2018-01-29T22:55:53Z">
          <reporter-output>
          </reporter-output>
        </test-method> <!-- setUp -->
        <test-method status="PASS" signature="beforeMethod(org.testng.ITestResult)[pri:0, instance:com.info.TestScripts.TC_001@bbfa04]" name="beforeMethod" is-config="true" duration-ms="18" started-at="2018-01-29T22:56:04Z" finished-at="2018-01-29T22:56:04Z">
          <params>
            <param index="0">
              <value>
                <![CDATA[[TestResult name=Enquiry_form status=SUCCESS method=TC_001.Enquiry_form(java.lang.String, java.lang.String, java.lang.String, java.lang.String, java.lang.String)[pri:0, instance:com.info.TestScripts.TC_001@bbfa04] output={null}]]]>
              </value>
            </param>
          </params>
          <reporter-output>
          </reporter-output>
        </test-method> <!-- beforeMethod -->
        <test-method status="PASS" signature="Enquiry_form(java.lang.String, java.lang.String, java.lang.String, java.lang.String, java.lang.String)[pri:0, instance:com.info.TestScripts.TC_001@bbfa04]" name="Enquiry_form" duration-ms="109223" started-at="2018-01-29T22:56:04Z" data-provider="testData" finished-at="2018-01-29T22:57:54Z">
          <params>
            <param index="0">
              <value>
                <![CDATA[Pravin]]>
              </value>
            </param>
            <param index="1">
              <value>
                <![CDATA[pravin@gmail.com]]>
              </value>
            </param>
            <param index="2">
              <value>
                <![CDATA[Looking for 2 BHK at Aundh]]>
              </value>
            </param>
            <param index="3">
              <value>
                <![CDATA[9898526987]]>
              </value>
            </param>
            <param index="4">
              <value>
                <![CDATA[Y]]>
              </value>
            </param>
          </params>
          <reporter-output>
          </reporter-output>
        </test-method> <!-- Enquiry_form -->
        <test-method status="PASS" signature="afterMethod(org.testng.ITestResult)[pri:0, instance:com.info.TestScripts.TC_001@bbfa04]" name="afterMethod" is-config="true" duration-ms="659" started-at="2018-01-29T22:57:54Z" finished-at="2018-01-29T22:57:54Z">
          <params>
            <param index="0">
              <value>
                <![CDATA[[TestResult name=Enquiry_form status=SUCCESS method=TC_001.Enquiry_form(java.lang.String, java.lang.String, java.lang.String, java.lang.String, java.lang.String)[pri:0, instance:com.info.TestScripts.TC_001@bbfa04] output={null}]]]>
              </value>
            </param>
          </params>
          <reporter-output>
          </reporter-output>
        </test-method> <!-- afterMethod -->
        <test-method status="PASS" signature="endTest()[pri:0, instance:com.info.TestScripts.TC_001@bbfa04]" name="endTest" is-config="true" duration-ms="1144" started-at="2018-01-29T22:57:54Z" finished-at="2018-01-29T22:57:56Z">
          <reporter-output>
          </reporter-output>
        </test-method> <!-- endTest -->
      </class> <!-- com.info.TestScripts.TC_001 -->
    </test> <!-- Default test -->
  </suite> <!-- Default suite -->
</testng-results>
